<?xml version="1.0" encoding="UTF-8"?>
<!-- Generated by org.testng.reporters.JUnitXMLReporter -->
<testsuite hostname="DESKTOP-MQ4CHD1" name="Default test" tests="5" failures="0" timestamp="26 Jan 2017 06:53:16 GMT" time="84.696" errors="0">
  <testcase name="createAccount" time="12.385" classname="com.XYZcompany.ecommerce.testscripts.TC002_CreateAccount"/>
  <testcase name="createAccount" time="11.209" classname="com.XYZcompany.ecommerce.testscripts.TC002_CreateAccount"/>
  <testcase name="createAccount" time="12.831" classname="com.XYZcompany.ecommerce.testscripts.TC002_CreateAccount"/>
  <testcase name="createAccount" time="10.95" classname="com.XYZcompany.ecommerce.testscripts.TC002_CreateAccount"/>
  <testcase name="createAccount" time="11.032" classname="com.XYZcompany.ecommerce.testscripts.TC002_CreateAccount"/>
</testsuite> <!-- Default test -->
