<?xml version="1.0" encoding="UTF-8"?>
<!-- Generated by org.testng.reporters.JUnitXMLReporter -->
<testsuite hostname="DESKTOP-MQ4CHD1" name="Test" tests="2" failures="0" timestamp="28 Jan 2017 15:27:14 GMT" time="1.654" errors="0">
  <testcase name="@BeforeMethod methodinitialize" time="0.0" classname="com.XYZcompany.ecommerce.testscripts.TC001_SigningIn">
    <failure type="java.lang.NullPointerException">
      <![CDATA[java.lang.NullPointerException
	at com.XYZcompany.ecommerce.testbase.Testbase.navigateToApp(Testbase.java:38)
	at com.XYZcompany.ecommerce.utils.TestConfig.methodinitialize(TestConfig.java:91)
... Removed 26 stack frames]]>
    </failure>
  </testcase> <!-- @BeforeMethod methodinitialize -->
  <testcase name="@AfterMethod teardown" time="0.0" classname="com.XYZcompany.ecommerce.testscripts.TC001_SigningIn">
    <skipped/>
  </testcase> <!-- @AfterMethod teardown -->
  <testcase name="@BeforeMethod methodinitialize" time="0.0" classname="com.XYZcompany.ecommerce.testscripts.TC002_CreateAccount">
    <skipped/>
  </testcase> <!-- @BeforeMethod methodinitialize -->
  <testcase name="@AfterMethod teardown" time="0.0" classname="com.XYZcompany.ecommerce.testscripts.TC002_CreateAccount">
    <skipped/>
  </testcase> <!-- @AfterMethod teardown -->
  <testcase name="signIn" time="0.0" classname="com.XYZcompany.ecommerce.testscripts.TC001_SigningIn">
    <skipped/>
  </testcase> <!-- signIn -->
  <testcase name="createAccount" time="0.0" classname="com.XYZcompany.ecommerce.testscripts.TC002_CreateAccount">
    <skipped/>
  </testcase> <!-- createAccount -->
</testsuite> <!-- Test -->
