<?xml version="1.0" encoding="UTF-8"?>
<testng-results skipped="0" failed="0" total="4" passed="4">
  <reporter-output>
  </reporter-output>
  <suite name="Suite" duration-ms="72269" started-at="2017-01-28T16:02:48Z" finished-at="2017-01-28T16:04:00Z">
    <groups>
    </groups>
    <test name="firefoxtest" duration-ms="38602" started-at="2017-01-28T16:02:48Z" finished-at="2017-01-28T16:03:27Z">
      <class name="com.XYZcompany.ecommerce.testscripts.TC002_CreateAccount">
        <test-method status="PASS" signature="methodinitialize()[pri:0, instance:com.XYZcompany.ecommerce.testscripts.TC002_CreateAccount@100df86]" name="methodinitialize" is-config="true" duration-ms="3224" started-at="2017-01-28T21:33:14Z" finished-at="2017-01-28T21:33:17Z">
          <reporter-output>
          </reporter-output>
        </test-method> <!-- methodinitialize -->
        <test-method status="PASS" signature="createAccount(java.lang.String, java.lang.String, java.lang.String, java.lang.String, java.lang.String, java.lang.String, java.lang.String, java.lang.String, java.lang.String, java.lang.String, java.lang.String, java.lang.String, java.lang.String, java.lang.String, java.lang.String)[pri:0, instance:com.XYZcompany.ecommerce.testscripts.TC002_CreateAccount@100df86]" name="createAccount" duration-ms="9799" started-at="2017-01-28T21:33:17Z" data-provider="userdetails" finished-at="2017-01-28T21:33:27Z">
          <params>
            <param index="0">
              <value>
                <![CDATA[Mrs]]>
              </value>
            </param>
            <param index="1">
              <value>
                <![CDATA[Michelle]]>
              </value>
            </param>
            <param index="2">
              <value>
                <![CDATA[Obama]]>
              </value>
            </param>
            <param index="3">
              <value>
                <![CDATA[Password123]]>
              </value>
            </param>
            <param index="4">
              <value>
                <![CDATA[12-8-1984]]>
              </value>
            </param>
            <param index="5">
              <value>
                <![CDATA[infosys]]>
              </value>
            </param>
            <param index="6">
              <value>
                <![CDATA[chrch street 2]]>
              </value>
            </param>
            <param index="7">
              <value>
                <![CDATA[#6, second floor]]>
              </value>
            </param>
            <param index="8">
              <value>
                <![CDATA[new york]]>
              </value>
            </param>
            <param index="9">
              <value>
                <![CDATA[65456]]>
              </value>
            </param>
            <param index="10">
              <value>
                <![CDATA[Georgia]]>
              </value>
            </param>
            <param index="11">
              <value>
                <![CDATA[central park]]>
              </value>
            </param>
            <param index="12">
              <value>
                <![CDATA[6545676562]]>
              </value>
            </param>
            <param index="13">
              <value>
                <![CDATA[8767654543]]>
              </value>
            </param>
            <param index="14">
              <value>
                <![CDATA[home4]]>
              </value>
            </param>
          </params>
          <reporter-output>
          </reporter-output>
        </test-method> <!-- createAccount -->
        <test-method status="PASS" signature="teardown(org.testng.ITestResult)[pri:0, instance:com.XYZcompany.ecommerce.testscripts.TC002_CreateAccount@100df86]" name="teardown" is-config="true" duration-ms="41" started-at="2017-01-28T21:33:27Z" finished-at="2017-01-28T21:33:27Z">
          <params>
            <param index="0">
              <value>
                <![CDATA[[TestResult name=createAccount status=SUCCESS method=TC002_CreateAccount.createAccount(java.lang.String, java.lang.String, java.lang.String, java.lang.String, java.lang.String, java.lang.String, java.lang.String, java.lang.String, java.lang.String, java.lang.String, java.lang.String, java.lang.String, java.lang.String, java.lang.String, java.lang.String)[pri:0, instance:com.XYZcompany.ecommerce.testscripts.TC002_CreateAccount@100df86] output={null}]]]>
              </value>
            </param>
          </params>
          <reporter-output>
          </reporter-output>
        </test-method> <!-- teardown -->
      </class> <!-- com.XYZcompany.ecommerce.testscripts.TC002_CreateAccount -->
      <class name="com.XYZcompany.ecommerce.testscripts.TC001_SigningIn">
        <test-method status="PASS" signature="selectBrowserfromxml(java.lang.String)[pri:0, instance:com.XYZcompany.ecommerce.testscripts.TC001_SigningIn@dafa95]" name="selectBrowserfromxml" is-config="true" duration-ms="9145" started-at="2017-01-28T21:32:48Z" finished-at="2017-01-28T21:32:57Z">
          <params>
            <param index="0">
              <value>
                <![CDATA[firefox]]>
              </value>
            </param>
          </params>
          <reporter-output>
          </reporter-output>
        </test-method> <!-- selectBrowserfromxml -->
        <test-method status="PASS" signature="methodinitialize()[pri:0, instance:com.XYZcompany.ecommerce.testscripts.TC001_SigningIn@dafa95]" name="methodinitialize" is-config="true" duration-ms="9046" started-at="2017-01-28T21:32:57Z" finished-at="2017-01-28T21:33:06Z">
          <reporter-output>
          </reporter-output>
        </test-method> <!-- methodinitialize -->
        <test-method status="PASS" signature="signIn()[pri:0, instance:com.XYZcompany.ecommerce.testscripts.TC001_SigningIn@dafa95]" name="signIn" duration-ms="6082" started-at="2017-01-28T21:33:06Z" finished-at="2017-01-28T21:33:12Z">
          <reporter-output>
          </reporter-output>
        </test-method> <!-- signIn -->
        <test-method status="PASS" signature="teardown(org.testng.ITestResult)[pri:0, instance:com.XYZcompany.ecommerce.testscripts.TC001_SigningIn@dafa95]" name="teardown" is-config="true" duration-ms="28" started-at="2017-01-28T21:33:12Z" finished-at="2017-01-28T21:33:12Z">
          <params>
            <param index="0">
              <value>
                <![CDATA[[TestResult name=signIn status=SUCCESS method=TC001_SigningIn.signIn()[pri:0, instance:com.XYZcompany.ecommerce.testscripts.TC001_SigningIn@dafa95] output={null}]]]>
              </value>
            </param>
          </params>
          <reporter-output>
          </reporter-output>
        </test-method> <!-- teardown -->
      </class> <!-- com.XYZcompany.ecommerce.testscripts.TC001_SigningIn -->
    </test> <!-- firefoxtest -->
    <test name="chrometest" duration-ms="33635" started-at="2017-01-28T16:03:27Z" finished-at="2017-01-28T16:04:00Z">
      <class name="com.XYZcompany.ecommerce.testscripts.TC002_CreateAccount">
        <test-method status="PASS" signature="methodinitialize()[pri:0, instance:com.XYZcompany.ecommerce.testscripts.TC002_CreateAccount@1f5b51f]" name="methodinitialize" is-config="true" duration-ms="3889" started-at="2017-01-28T21:33:45Z" finished-at="2017-01-28T21:33:49Z">
          <reporter-output>
          </reporter-output>
        </test-method> <!-- methodinitialize -->
        <test-method status="PASS" signature="createAccount(java.lang.String, java.lang.String, java.lang.String, java.lang.String, java.lang.String, java.lang.String, java.lang.String, java.lang.String, java.lang.String, java.lang.String, java.lang.String, java.lang.String, java.lang.String, java.lang.String, java.lang.String)[pri:0, instance:com.XYZcompany.ecommerce.testscripts.TC002_CreateAccount@1f5b51f]" name="createAccount" duration-ms="10844" started-at="2017-01-28T21:33:49Z" data-provider="userdetails" finished-at="2017-01-28T21:34:00Z">
          <params>
            <param index="0">
              <value>
                <![CDATA[Mrs]]>
              </value>
            </param>
            <param index="1">
              <value>
                <![CDATA[Michelle]]>
              </value>
            </param>
            <param index="2">
              <value>
                <![CDATA[Obama]]>
              </value>
            </param>
            <param index="3">
              <value>
                <![CDATA[Password123]]>
              </value>
            </param>
            <param index="4">
              <value>
                <![CDATA[12-8-1984]]>
              </value>
            </param>
            <param index="5">
              <value>
                <![CDATA[infosys]]>
              </value>
            </param>
            <param index="6">
              <value>
                <![CDATA[chrch street 2]]>
              </value>
            </param>
            <param index="7">
              <value>
                <![CDATA[#6, second floor]]>
              </value>
            </param>
            <param index="8">
              <value>
                <![CDATA[new york]]>
              </value>
            </param>
            <param index="9">
              <value>
                <![CDATA[65456]]>
              </value>
            </param>
            <param index="10">
              <value>
                <![CDATA[Georgia]]>
              </value>
            </param>
            <param index="11">
              <value>
                <![CDATA[central park]]>
              </value>
            </param>
            <param index="12">
              <value>
                <![CDATA[6545676562]]>
              </value>
            </param>
            <param index="13">
              <value>
                <![CDATA[8767654543]]>
              </value>
            </param>
            <param index="14">
              <value>
                <![CDATA[home4]]>
              </value>
            </param>
          </params>
          <reporter-output>
          </reporter-output>
        </test-method> <!-- createAccount -->
        <test-method status="PASS" signature="teardown(org.testng.ITestResult)[pri:0, instance:com.XYZcompany.ecommerce.testscripts.TC002_CreateAccount@1f5b51f]" name="teardown" is-config="true" duration-ms="154" started-at="2017-01-28T21:34:00Z" finished-at="2017-01-28T21:34:00Z">
          <params>
            <param index="0">
              <value>
                <![CDATA[[TestResult name=createAccount status=SUCCESS method=TC002_CreateAccount.createAccount(java.lang.String, java.lang.String, java.lang.String, java.lang.String, java.lang.String, java.lang.String, java.lang.String, java.lang.String, java.lang.String, java.lang.String, java.lang.String, java.lang.String, java.lang.String, java.lang.String, java.lang.String)[pri:0, instance:com.XYZcompany.ecommerce.testscripts.TC002_CreateAccount@1f5b51f] output={null}]]]>
              </value>
            </param>
          </params>
          <reporter-output>
          </reporter-output>
        </test-method> <!-- teardown -->
      </class> <!-- com.XYZcompany.ecommerce.testscripts.TC002_CreateAccount -->
      <class name="com.XYZcompany.ecommerce.testscripts.TC001_SigningIn">
        <test-method status="PASS" signature="setup()[pri:0, instance:com.XYZcompany.ecommerce.testscripts.TC001_SigningIn@d4004b]" name="setup" is-config="true" duration-ms="313" started-at="2017-01-28T21:32:48Z" finished-at="2017-01-28T21:32:48Z">
          <reporter-output>
          </reporter-output>
        </test-method> <!-- setup -->
        <test-method status="PASS" signature="selectBrowserfromxml(java.lang.String)[pri:0, instance:com.XYZcompany.ecommerce.testscripts.TC001_SigningIn@d4004b]" name="selectBrowserfromxml" is-config="true" duration-ms="2833" started-at="2017-01-28T21:33:27Z" finished-at="2017-01-28T21:33:29Z">
          <params>
            <param index="0">
              <value>
                <![CDATA[chrome]]>
              </value>
            </param>
          </params>
          <reporter-output>
          </reporter-output>
        </test-method> <!-- selectBrowserfromxml -->
        <test-method status="PASS" signature="methodinitialize()[pri:0, instance:com.XYZcompany.ecommerce.testscripts.TC001_SigningIn@d4004b]" name="methodinitialize" is-config="true" duration-ms="10244" started-at="2017-01-28T21:33:29Z" finished-at="2017-01-28T21:33:40Z">
          <reporter-output>
          </reporter-output>
        </test-method> <!-- methodinitialize -->
        <test-method status="PASS" signature="signIn()[pri:0, instance:com.XYZcompany.ecommerce.testscripts.TC001_SigningIn@d4004b]" name="signIn" duration-ms="5424" started-at="2017-01-28T21:33:40Z" finished-at="2017-01-28T21:33:45Z">
          <reporter-output>
          </reporter-output>
        </test-method> <!-- signIn -->
        <test-method status="PASS" signature="teardown(org.testng.ITestResult)[pri:0, instance:com.XYZcompany.ecommerce.testscripts.TC001_SigningIn@d4004b]" name="teardown" is-config="true" duration-ms="154" started-at="2017-01-28T21:33:45Z" finished-at="2017-01-28T21:33:45Z">
          <params>
            <param index="0">
              <value>
                <![CDATA[[TestResult name=signIn status=SUCCESS method=TC001_SigningIn.signIn()[pri:0, instance:com.XYZcompany.ecommerce.testscripts.TC001_SigningIn@d4004b] output={null}]]]>
              </value>
            </param>
          </params>
          <reporter-output>
          </reporter-output>
        </test-method> <!-- teardown -->
        <test-method status="PASS" signature="reporting()[pri:0, instance:com.XYZcompany.ecommerce.testscripts.TC001_SigningIn@d4004b]" name="reporting" is-config="true" duration-ms="3893" started-at="2017-01-28T21:34:00Z" finished-at="2017-01-28T21:34:04Z">
          <reporter-output>
          </reporter-output>
        </test-method> <!-- reporting -->
      </class> <!-- com.XYZcompany.ecommerce.testscripts.TC001_SigningIn -->
    </test> <!-- chrometest -->
  </suite> <!-- Suite -->
</testng-results>
